<?xml version='1.0' encoding='UTF-8'?>
<testsuites>
  <testsuite name="Test Suite" device="emulator-5554" tests="1" failures="1" time="53.0">
    <testcase id="Settings and theme verification" name="Settings and theme verification" classname="Settings and theme verification" file="maestro/flows/settings-theme-test.yml" time="53.0" status="ERROR">
      <properties>
        <property name="tags" value="e2e, p0"/>
      </properties>
      <failure>No visible element found: "Input"</failure>
    </testcase>
  </testsuite>
</testsuites>
